生成启动时间为 2021/5/3 22:09:06。
     1>项目“E:\git\Repositorys\c-code-arithmetic\numberSum\numberSum\numberSum.vcxproj”在节点 2 上(build 个目标)。
     1>InitializeBuildStatus:
         正在创建“Debug\numberSum.unsuccessfulbuild”，因为已指定“AlwaysCreate”。
       ClCompile:
         C:\Program Files (x86)\Microsoft Visual Studio 10.0\VC\bin\CL.exe /c /ZI /nologo /W3 /WX- /Od /Oy- /D _MBCS /Gm /EHsc /RTC1 /MDd /GS /fp:precise /Zc:wchar_t /Zc:forScope /Fo"Debug\\" /Fd"Debug\vc100.pdb" /Gd /TP /analyze- /errorReport:prompt numberSum1.cpp
         numberSum1.cpp
     1>e:\git\repositorys\c-code-arithmetic\numbersum\numbersum\numbersum1.cpp(38): warning C4715: “twoSum”: 不是所有的控件路径都返回值
       Link:
         C:\Program Files (x86)\Microsoft Visual Studio 10.0\VC\bin\link.exe /ERRORREPORT:PROMPT /OUT:"E:\git\Repositorys\c-code-arithmetic\numberSum\Debug\numberSum.exe" /NOLOGO kernel32.lib user32.lib gdi32.lib winspool.lib comdlg32.lib advapi32.lib shell32.lib ole32.lib oleaut32.lib uuid.lib odbc32.lib odbccp32.lib /MANIFEST /ManifestFile:"Debug\numberSum.exe.intermediate.manifest" /MANIFESTUAC:"level='asInvoker' uiAccess='false'" /DEBUG /PDB:"E:\git\Repositorys\c-code-arithmetic\numberSum\Debug\numberSum.pdb" /TLBID:1 /DYNAMICBASE /NXCOMPAT /IMPLIB:"E:\git\Repositorys\c-code-arithmetic\numberSum\Debug\numberSum.lib" /MACHINE:X86 Debug\numberSum1.obj
         LINK : 没有找到 E:\git\Repositorys\c-code-arithmetic\numberSum\Debug\numberSum.exe 或上一个增量链接没有生成它；正在执行完全链接
         numberSum.vcxproj -> E:\git\Repositorys\c-code-arithmetic\numberSum\Debug\numberSum.exe
       Manifest:
         C:\Program Files (x86)\Microsoft SDKs\Windows\v7.0A\bin\mt.exe /nologo /verbose /outputresource:"E:\git\Repositorys\c-code-arithmetic\numberSum\Debug\numberSum.exe;#1" /manifest Debug\numberSum.exe.intermediate.manifest
       FinalizeBuildStatus:
         正在删除文件“Debug\numberSum.unsuccessfulbuild”。
         正在对“Debug\numberSum.lastbuildstate”执行 Touch 任务。
     1>已完成生成项目“E:\git\Repositorys\c-code-arithmetic\numberSum\numberSum\numberSum.vcxproj”(build 个目标)的操作。

生成成功。

已用时间 00:00:01.38
